ARM GAS  /tmp/ccTv2vmq.s 			page 1


   1              		.cpu cortex-m4
   2              		.arch armv7e-m
   3              		.fpu fpv4-sp-d16
   4              		.eabi_attribute 27, 1
   5              		.eabi_attribute 28, 1
   6              		.eabi_attribute 20, 1
   7              		.eabi_attribute 21, 1
   8              		.eabi_attribute 23, 3
   9              		.eabi_attribute 24, 1
  10              		.eabi_attribute 25, 1
  11              		.eabi_attribute 26, 1
  12              		.eabi_attribute 30, 1
  13              		.eabi_attribute 34, 1
  14              		.eabi_attribute 18, 4
  15              		.file	"MotorRM3508Drive.c"
  16              		.text
  17              	.Ltext0:
  18              		.cfi_sections	.debug_frame
  19              		.file 1 "Core/Src/MotorRM3508Drive.c"
  20              		.section	.text.motor_RM3508_Init,"ax",%progbits
  21              		.align	1
  22              		.global	motor_RM3508_Init
  23              		.syntax unified
  24              		.thumb
  25              		.thumb_func
  27              	motor_RM3508_Init:
  28              	.LVL0:
  29              	.LFB134:
   1:Core/Src/MotorRM3508Drive.c **** #include "stm32f4xx_hal.h"
   2:Core/Src/MotorRM3508Drive.c **** #include "MotorRM3508Drive.h"
   3:Core/Src/MotorRM3508Drive.c **** 
   4:Core/Src/MotorRM3508Drive.c **** 
   5:Core/Src/MotorRM3508Drive.c **** #define motor_rx_fifo(num) CAN_RX_FIFO ## num
   6:Core/Src/MotorRM3508Drive.c **** #define  motor_rx_number(i,j) i##j 
   7:Core/Src/MotorRM3508Drive.c **** #define motor_tx_number(i) do{\
   8:Core/Src/MotorRM3508Drive.c **** 	tx_data[2*i-2] = motor##i>>8;\
   9:Core/Src/MotorRM3508Drive.c **** 	tx_data[2*i-1] = motor##i;\
  10:Core/Src/MotorRM3508Drive.c **** }while(0)
  11:Core/Src/MotorRM3508Drive.c **** #define motor_active_it(i) CAN_IT_RX_FIFO##i##_MSG_PENDING
  12:Core/Src/MotorRM3508Drive.c **** #define CAN_Rx_FifoMsg_PendingCallback(i) void CAN_Rx_Fifo##i##_Msg_PendingCallback(CAN_HandleTypeD
  13:Core/Src/MotorRM3508Drive.c **** 
  14:Core/Src/MotorRM3508Drive.c **** 
  15:Core/Src/MotorRM3508Drive.c **** #define motor_RM3508_tx_header(motor)do{\
  16:Core/Src/MotorRM3508Drive.c **** 	motor.StdId = 0x200;\
  17:Core/Src/MotorRM3508Drive.c **** 	motor.ExtId = 0;\
  18:Core/Src/MotorRM3508Drive.c **** 	motor.RTR = CAN_RTR_DATA;\
  19:Core/Src/MotorRM3508Drive.c **** 	motor.DLC = 8;\
  20:Core/Src/MotorRM3508Drive.c **** 	motor.IDE=CAN_ID_STD;\
  21:Core/Src/MotorRM3508Drive.c **** 	motor.TransmitGlobalTime = DISABLE;\
  22:Core/Src/MotorRM3508Drive.c **** }while(0)
  23:Core/Src/MotorRM3508Drive.c **** 
  24:Core/Src/MotorRM3508Drive.c **** #define motor_RM3508_each_rx_header(motor,date)do{\
  25:Core/Src/MotorRM3508Drive.c **** 	motor.StdId = 0x201+date;\
  26:Core/Src/MotorRM3508Drive.c **** 	motor.ExtId = 0;\
  27:Core/Src/MotorRM3508Drive.c **** 	motor.RTR = CAN_RTR_DATA;\
  28:Core/Src/MotorRM3508Drive.c **** 	motor.DLC = 8;\
  29:Core/Src/MotorRM3508Drive.c **** 	motor.IDE=CAN_ID_STD;\
ARM GAS  /tmp/ccTv2vmq.s 			page 2


  30:Core/Src/MotorRM3508Drive.c **** }while(0)
  31:Core/Src/MotorRM3508Drive.c **** 
  32:Core/Src/MotorRM3508Drive.c **** #define motor_RM3508_sFilterConfig(sFilterConfig)do{\
  33:Core/Src/MotorRM3508Drive.c **** 	 sFilterConfig.FilterActivation = ENABLE;\
  34:Core/Src/MotorRM3508Drive.c **** 	 sFilterConfig.FilterBank = 0;\
  35:Core/Src/MotorRM3508Drive.c **** 	 sFilterConfig.FilterFIFOAssignment = CAN_FILTER_FIFO0;\
  36:Core/Src/MotorRM3508Drive.c **** 	 sFilterConfig.FilterMode=CAN_FILTERMODE_IDMASK;\
  37:Core/Src/MotorRM3508Drive.c **** 	 sFilterConfig.FilterScale = CAN_FILTERSCALE_32BIT;\
  38:Core/Src/MotorRM3508Drive.c **** 	 sFilterConfig.FilterIdHigh = 0x200<<5;\
  39:Core/Src/MotorRM3508Drive.c **** 	 sFilterConfig.FilterIdLow = 0x0000;\
  40:Core/Src/MotorRM3508Drive.c **** 	 sFilterConfig.FilterMaskIdHigh = 0x3ff<<5;\
  41:Core/Src/MotorRM3508Drive.c **** 	 sFilterConfig.FilterMaskIdLow = 0x0000;\
  42:Core/Src/MotorRM3508Drive.c ****  }while(0)
  43:Core/Src/MotorRM3508Drive.c **** 
  44:Core/Src/MotorRM3508Drive.c **** 
  45:Core/Src/MotorRM3508Drive.c **** 
  46:Core/Src/MotorRM3508Drive.c **** static CAN_TxHeaderTypeDef tx_header_motor;
  47:Core/Src/MotorRM3508Drive.c **** static CAN_RxHeaderTypeDef rx_header_motor[4];
  48:Core/Src/MotorRM3508Drive.c **** static CAN_FilterTypeDef sFilterConfig; 
  49:Core/Src/MotorRM3508Drive.c **** static CAN_HandleTypeDef hcan;
  50:Core/Src/MotorRM3508Drive.c **** static uint32_t Rxfifo;
  51:Core/Src/MotorRM3508Drive.c **** static char fifo_number;
  52:Core/Src/MotorRM3508Drive.c **** struct rx_date_motor_rm3508_struct motor_rx_date;
  53:Core/Src/MotorRM3508Drive.c **** 
  54:Core/Src/MotorRM3508Drive.c **** //CAN1 init function
  55:Core/Src/MotorRM3508Drive.c **** void motor_RM3508_Init(CAN_HandleTypeDef * hcan1,char fifo_number_input)
  56:Core/Src/MotorRM3508Drive.c **** {
  30              		.loc 1 56 1 view -0
  31              		.cfi_startproc
  32              		@ args = 0, pretend = 0, frame = 0
  33              		@ frame_needed = 0, uses_anonymous_args = 0
  34              		.loc 1 56 1 is_stmt 0 view .LVU1
  35 0000 38B5     		push	{r3, r4, r5, lr}
  36              	.LCFI0:
  37              		.cfi_def_cfa_offset 16
  38              		.cfi_offset 3, -16
  39              		.cfi_offset 4, -12
  40              		.cfi_offset 5, -8
  41              		.cfi_offset 14, -4
  42 0002 8446     		mov	ip, r0
  43 0004 0D46     		mov	r5, r1
  57:Core/Src/MotorRM3508Drive.c **** 	fifo_number=fifo_number_input;
  44              		.loc 1 57 2 is_stmt 1 view .LVU2
  45              		.loc 1 57 13 is_stmt 0 view .LVU3
  46 0006 2B4B     		ldr	r3, .L9
  47 0008 1970     		strb	r1, [r3]
  58:Core/Src/MotorRM3508Drive.c **** 	if(fifo_number){
  48              		.loc 1 58 2 is_stmt 1 view .LVU4
  49              		.loc 1 58 4 is_stmt 0 view .LVU5
  50 000a 79B1     		cbz	r1, .L2
  59:Core/Src/MotorRM3508Drive.c **** 		Rxfifo = motor_rx_fifo(0);
  51              		.loc 1 59 3 is_stmt 1 view .LVU6
  52              		.loc 1 59 10 is_stmt 0 view .LVU7
  53 000c 2A4B     		ldr	r3, .L9+4
  54 000e 0022     		movs	r2, #0
  55 0010 1A60     		str	r2, [r3]
  56              	.L3:
ARM GAS  /tmp/ccTv2vmq.s 			page 3


  60:Core/Src/MotorRM3508Drive.c **** 	}else{
  61:Core/Src/MotorRM3508Drive.c **** 		Rxfifo = motor_rx_fifo(1);
  62:Core/Src/MotorRM3508Drive.c **** 	}
  63:Core/Src/MotorRM3508Drive.c **** 	hcan = *hcan1;
  57              		.loc 1 63 2 is_stmt 1 view .LVU8
  58              		.loc 1 63 7 is_stmt 0 view .LVU9
  59 0012 2A4C     		ldr	r4, .L9+8
  60 0014 BCE80F00 		ldmia	ip!, {r0, r1, r2, r3}
  61              	.LVL1:
  62              		.loc 1 63 7 view .LVU10
  63 0018 0FC4     		stmia	r4!, {r0, r1, r2, r3}
  64 001a BCE80F00 		ldmia	ip!, {r0, r1, r2, r3}
  65              	.LVL2:
  66              		.loc 1 63 7 view .LVU11
  67 001e 0FC4     		stmia	r4!, {r0, r1, r2, r3}
  68 0020 9CE80300 		ldm	ip, {r0, r1}
  69 0024 84E80300 		stm	r4, {r0, r1}
  64:Core/Src/MotorRM3508Drive.c **** 	int temp=0;
  70              		.loc 1 64 2 is_stmt 1 view .LVU12
  71              	.LVL3:
  65:Core/Src/MotorRM3508Drive.c ****        	while (temp<4) {
  72              		.loc 1 65 9 view .LVU13
  64:Core/Src/MotorRM3508Drive.c **** 	int temp=0;
  73              		.loc 1 64 6 is_stmt 0 view .LVU14
  74 0028 0023     		movs	r3, #0
  75              		.loc 1 65 15 view .LVU15
  76 002a 13E0     		b	.L4
  77              	.LVL4:
  78              	.L2:
  61:Core/Src/MotorRM3508Drive.c **** 	}
  79              		.loc 1 61 3 is_stmt 1 view .LVU16
  61:Core/Src/MotorRM3508Drive.c **** 	}
  80              		.loc 1 61 10 is_stmt 0 view .LVU17
  81 002c 224B     		ldr	r3, .L9+4
  82 002e 0122     		movs	r2, #1
  83 0030 1A60     		str	r2, [r3]
  84 0032 EEE7     		b	.L3
  85              	.LVL5:
  86              	.L5:
  66:Core/Src/MotorRM3508Drive.c **** 		motor_RM3508_each_rx_header(rx_header_motor[temp],temp);
  87              		.loc 1 66 3 is_stmt 1 view .LVU18
  88              		.loc 1 66 3 view .LVU19
  89 0034 03F20121 		addw	r1, r3, #513
  90 0038 2148     		ldr	r0, .L9+12
  91 003a C3EBC304 		rsb	r4, r3, r3, lsl #3
  92 003e 00EB8402 		add	r2, r0, r4, lsl #2
  93 0042 40F82410 		str	r1, [r0, r4, lsl #2]
  94              		.loc 1 66 3 view .LVU20
  95 0046 0020     		movs	r0, #0
  96 0048 5060     		str	r0, [r2, #4]
  97              		.loc 1 66 3 view .LVU21
  98 004a D060     		str	r0, [r2, #12]
  99              		.loc 1 66 3 view .LVU22
 100 004c 0821     		movs	r1, #8
 101 004e 1161     		str	r1, [r2, #16]
 102              		.loc 1 66 3 view .LVU23
 103 0050 9060     		str	r0, [r2, #8]
ARM GAS  /tmp/ccTv2vmq.s 			page 4


 104              		.loc 1 66 3 view .LVU24
  67:Core/Src/MotorRM3508Drive.c **** 		temp++;
 105              		.loc 1 67 3 view .LVU25
 106              		.loc 1 67 7 is_stmt 0 view .LVU26
 107 0052 0133     		adds	r3, r3, #1
 108              	.LVL6:
 109              	.L4:
  65:Core/Src/MotorRM3508Drive.c **** 		motor_RM3508_each_rx_header(rx_header_motor[temp],temp);
 110              		.loc 1 65 20 is_stmt 1 view .LVU27
 111 0054 032B     		cmp	r3, #3
 112 0056 EDDD     		ble	.L5
  68:Core/Src/MotorRM3508Drive.c **** 	}
  69:Core/Src/MotorRM3508Drive.c **** 	motor_RM3508_tx_header(tx_header_motor);
 113              		.loc 1 69 2 view .LVU28
 114              		.loc 1 69 2 view .LVU29
 115 0058 1A4B     		ldr	r3, .L9+16
 116              	.LVL7:
 117              		.loc 1 69 2 is_stmt 0 view .LVU30
 118 005a 4FF40072 		mov	r2, #512
 119 005e 1A60     		str	r2, [r3]
 120              		.loc 1 69 2 is_stmt 1 view .LVU31
 121 0060 0022     		movs	r2, #0
 122 0062 5A60     		str	r2, [r3, #4]
 123              		.loc 1 69 2 view .LVU32
 124 0064 DA60     		str	r2, [r3, #12]
 125              		.loc 1 69 2 view .LVU33
 126 0066 0821     		movs	r1, #8
 127 0068 1961     		str	r1, [r3, #16]
 128              		.loc 1 69 2 view .LVU34
 129 006a 9A60     		str	r2, [r3, #8]
 130              		.loc 1 69 2 view .LVU35
 131 006c 1A75     		strb	r2, [r3, #20]
 132              		.loc 1 69 2 view .LVU36
  70:Core/Src/MotorRM3508Drive.c **** 	motor_RM3508_sFilterConfig(sFilterConfig);
 133              		.loc 1 70 2 view .LVU37
 134              		.loc 1 70 2 view .LVU38
 135 006e 164B     		ldr	r3, .L9+20
 136 0070 0121     		movs	r1, #1
 137 0072 1962     		str	r1, [r3, #32]
 138              		.loc 1 70 2 view .LVU39
 139 0074 5A61     		str	r2, [r3, #20]
 140              		.loc 1 70 2 view .LVU40
 141 0076 1A61     		str	r2, [r3, #16]
 142              		.loc 1 70 2 view .LVU41
 143 0078 9A61     		str	r2, [r3, #24]
 144              		.loc 1 70 2 view .LVU42
 145 007a D961     		str	r1, [r3, #28]
 146              		.loc 1 70 2 view .LVU43
 147 007c 4FF48041 		mov	r1, #16384
 148 0080 1960     		str	r1, [r3]
 149              		.loc 1 70 2 view .LVU44
 150 0082 5A60     		str	r2, [r3, #4]
 151              		.loc 1 70 2 view .LVU45
 152 0084 47F6E071 		movw	r1, #32736
 153 0088 9960     		str	r1, [r3, #8]
 154              		.loc 1 70 2 view .LVU46
 155 008a DA60     		str	r2, [r3, #12]
ARM GAS  /tmp/ccTv2vmq.s 			page 5


 156              		.loc 1 70 2 view .LVU47
  71:Core/Src/MotorRM3508Drive.c **** 	if(fifo_number){
 157              		.loc 1 71 2 view .LVU48
 158              		.loc 1 71 4 is_stmt 0 view .LVU49
 159 008c 65B1     		cbz	r5, .L6
  72:Core/Src/MotorRM3508Drive.c **** 	HAL_CAN_ActivateNotification(&hcan,motor_active_it(0));
 160              		.loc 1 72 2 is_stmt 1 view .LVU50
 161 008e 0221     		movs	r1, #2
 162 0090 0A48     		ldr	r0, .L9+8
 163 0092 FFF7FEFF 		bl	HAL_CAN_ActivateNotification
 164              	.LVL8:
 165              	.L7:
  73:Core/Src/MotorRM3508Drive.c **** 	}else{
  74:Core/Src/MotorRM3508Drive.c **** 		HAL_CAN_ActivateNotification(&hcan,motor_active_it(1));
  75:Core/Src/MotorRM3508Drive.c **** 	}
  76:Core/Src/MotorRM3508Drive.c **** 	HAL_CAN_ConfigFilter(&hcan,&sFilterConfig);
 166              		.loc 1 76 2 view .LVU51
 167 0096 094C     		ldr	r4, .L9+8
 168 0098 0B49     		ldr	r1, .L9+20
 169 009a 2046     		mov	r0, r4
 170 009c FFF7FEFF 		bl	HAL_CAN_ConfigFilter
 171              	.LVL9:
  77:Core/Src/MotorRM3508Drive.c **** 	HAL_CAN_Start(&hcan);
 172              		.loc 1 77 2 view .LVU52
 173 00a0 2046     		mov	r0, r4
 174 00a2 FFF7FEFF 		bl	HAL_CAN_Start
 175              	.LVL10:
  78:Core/Src/MotorRM3508Drive.c **** 
  79:Core/Src/MotorRM3508Drive.c **** }
 176              		.loc 1 79 1 is_stmt 0 view .LVU53
 177 00a6 38BD     		pop	{r3, r4, r5, pc}
 178              	.LVL11:
 179              	.L6:
  74:Core/Src/MotorRM3508Drive.c **** 	}
 180              		.loc 1 74 3 is_stmt 1 view .LVU54
 181 00a8 1021     		movs	r1, #16
 182 00aa 0448     		ldr	r0, .L9+8
 183 00ac FFF7FEFF 		bl	HAL_CAN_ActivateNotification
 184              	.LVL12:
  74:Core/Src/MotorRM3508Drive.c **** 	}
 185              		.loc 1 74 3 is_stmt 0 view .LVU55
 186 00b0 F1E7     		b	.L7
 187              	.L10:
 188 00b2 00BF     		.align	2
 189              	.L9:
 190 00b4 00000000 		.word	fifo_number
 191 00b8 00000000 		.word	Rxfifo
 192 00bc 00000000 		.word	hcan
 193 00c0 00000000 		.word	rx_header_motor
 194 00c4 00000000 		.word	tx_header_motor
 195 00c8 00000000 		.word	sFilterConfig
 196              		.cfi_endproc
 197              	.LFE134:
 199              		.section	.text.moter_rm3508_tx_massage,"ax",%progbits
 200              		.align	1
 201              		.global	moter_rm3508_tx_massage
 202              		.syntax unified
ARM GAS  /tmp/ccTv2vmq.s 			page 6


 203              		.thumb
 204              		.thumb_func
 206              	moter_rm3508_tx_massage:
 207              	.LVL13:
 208              	.LFB135:
  80:Core/Src/MotorRM3508Drive.c **** void moter_rm3508_tx_massage(uint16_t motor1,uint16_t motor2,uint16_t motor3,uint16_t motor4)
  81:Core/Src/MotorRM3508Drive.c **** {
 209              		.loc 1 81 1 is_stmt 1 view -0
 210              		.cfi_startproc
 211              		@ args = 0, pretend = 0, frame = 16
 212              		@ frame_needed = 0, uses_anonymous_args = 0
 213              		.loc 1 81 1 is_stmt 0 view .LVU57
 214 0000 10B5     		push	{r4, lr}
 215              	.LCFI1:
 216              		.cfi_def_cfa_offset 8
 217              		.cfi_offset 4, -8
 218              		.cfi_offset 14, -4
 219 0002 84B0     		sub	sp, sp, #16
 220              	.LCFI2:
 221              		.cfi_def_cfa_offset 24
 222 0004 9446     		mov	ip, r2
  82:Core/Src/MotorRM3508Drive.c **** 	uint32_t tx_mailbox;
 223              		.loc 1 82 2 is_stmt 1 view .LVU58
  83:Core/Src/MotorRM3508Drive.c **** 	uint8_t tx_data[8] = {0};
 224              		.loc 1 83 2 view .LVU59
 225              		.loc 1 83 10 is_stmt 0 view .LVU60
 226 0006 01AA     		add	r2, sp, #4
 227              	.LVL14:
 228              		.loc 1 83 10 view .LVU61
 229 0008 0024     		movs	r4, #0
 230 000a 0194     		str	r4, [sp, #4]
 231 000c 5460     		str	r4, [r2, #4]
  84:Core/Src/MotorRM3508Drive.c **** 	motor_tx_number(1);
 232              		.loc 1 84 2 is_stmt 1 view .LVU62
 233              		.loc 1 84 2 view .LVU63
 234 000e 040A     		lsrs	r4, r0, #8
 235 0010 8DF80440 		strb	r4, [sp, #4]
 236              		.loc 1 84 2 view .LVU64
 237 0014 8DF80500 		strb	r0, [sp, #5]
 238              		.loc 1 84 2 view .LVU65
  85:Core/Src/MotorRM3508Drive.c **** 	motor_tx_number(2);
 239              		.loc 1 85 2 view .LVU66
 240              		.loc 1 85 2 view .LVU67
 241 0018 080A     		lsrs	r0, r1, #8
 242              	.LVL15:
 243              		.loc 1 85 2 is_stmt 0 view .LVU68
 244 001a 8DF80600 		strb	r0, [sp, #6]
 245              		.loc 1 85 2 is_stmt 1 view .LVU69
 246 001e 8DF80710 		strb	r1, [sp, #7]
 247              		.loc 1 85 2 view .LVU70
  86:Core/Src/MotorRM3508Drive.c **** 	motor_tx_number(3);
 248              		.loc 1 86 2 view .LVU71
 249              		.loc 1 86 2 view .LVU72
 250 0022 4FEA1C21 		lsr	r1, ip, #8
 251              	.LVL16:
 252              		.loc 1 86 2 is_stmt 0 view .LVU73
 253 0026 8DF80810 		strb	r1, [sp, #8]
ARM GAS  /tmp/ccTv2vmq.s 			page 7


 254              		.loc 1 86 2 is_stmt 1 view .LVU74
 255 002a 8DF809C0 		strb	ip, [sp, #9]
 256              		.loc 1 86 2 view .LVU75
  87:Core/Src/MotorRM3508Drive.c **** 	motor_tx_number(4);
 257              		.loc 1 87 2 view .LVU76
 258              		.loc 1 87 2 view .LVU77
 259 002e 190A     		lsrs	r1, r3, #8
 260 0030 8DF80A10 		strb	r1, [sp, #10]
 261              		.loc 1 87 2 view .LVU78
 262 0034 8DF80B30 		strb	r3, [sp, #11]
 263              		.loc 1 87 2 view .LVU79
  88:Core/Src/MotorRM3508Drive.c **** 
  89:Core/Src/MotorRM3508Drive.c **** 	HAL_CAN_AddTxMessage(&hcan,&tx_header_motor,tx_data,&tx_mailbox);
 264              		.loc 1 89 2 view .LVU80
 265 0038 03AB     		add	r3, sp, #12
 266              	.LVL17:
 267              		.loc 1 89 2 is_stmt 0 view .LVU81
 268 003a 0349     		ldr	r1, .L13
 269 003c 0348     		ldr	r0, .L13+4
 270 003e FFF7FEFF 		bl	HAL_CAN_AddTxMessage
 271              	.LVL18:
  90:Core/Src/MotorRM3508Drive.c **** }
 272              		.loc 1 90 1 view .LVU82
 273 0042 04B0     		add	sp, sp, #16
 274              	.LCFI3:
 275              		.cfi_def_cfa_offset 8
 276              		@ sp needed
 277 0044 10BD     		pop	{r4, pc}
 278              	.L14:
 279 0046 00BF     		.align	2
 280              	.L13:
 281 0048 00000000 		.word	tx_header_motor
 282 004c 00000000 		.word	hcan
 283              		.cfi_endproc
 284              	.LFE135:
 286              		.section	.text.motor_rm3508_rx_massage,"ax",%progbits
 287              		.align	1
 288              		.global	motor_rm3508_rx_massage
 289              		.syntax unified
 290              		.thumb
 291              		.thumb_func
 293              	motor_rm3508_rx_massage:
 294              	.LVL19:
 295              	.LFB136:
  91:Core/Src/MotorRM3508Drive.c **** 
  92:Core/Src/MotorRM3508Drive.c **** struct rx_date_motor_rm3508_struct motor_rm3508_rx_massage(void)
  93:Core/Src/MotorRM3508Drive.c **** {
 296              		.loc 1 93 1 is_stmt 1 view -0
 297              		.cfi_startproc
 298              		@ args = 0, pretend = 0, frame = 8
 299              		@ frame_needed = 0, uses_anonymous_args = 0
 300              		.loc 1 93 1 is_stmt 0 view .LVU84
 301 0000 10B5     		push	{r4, lr}
 302              	.LCFI4:
 303              		.cfi_def_cfa_offset 8
 304              		.cfi_offset 4, -8
 305              		.cfi_offset 14, -4
ARM GAS  /tmp/ccTv2vmq.s 			page 8


 306 0002 82B0     		sub	sp, sp, #8
 307              	.LCFI5:
 308              		.cfi_def_cfa_offset 16
 309 0004 0446     		mov	r4, r0
  94:Core/Src/MotorRM3508Drive.c **** 	uint8_t rx_date[8];
 310              		.loc 1 94 2 is_stmt 1 view .LVU85
  95:Core/Src/MotorRM3508Drive.c **** 	if(HAL_CAN_GetRxMessage(&hcan,Rxfifo,&rx_header_motor[0],rx_date)==HAL_OK)
 311              		.loc 1 95 2 view .LVU86
 312              		.loc 1 95 5 is_stmt 0 view .LVU87
 313 0006 6B46     		mov	r3, sp
 314 0008 184A     		ldr	r2, .L19
 315 000a 1949     		ldr	r1, .L19+4
 316 000c 0968     		ldr	r1, [r1]
 317 000e 1948     		ldr	r0, .L19+8
 318              	.LVL20:
 319              		.loc 1 95 5 view .LVU88
 320 0010 FFF7FEFF 		bl	HAL_CAN_GetRxMessage
 321              	.LVL21:
 322              		.loc 1 95 4 discriminator 1 view .LVU89
 323 0014 10B1     		cbz	r0, .L18
 324              	.L15:
  96:Core/Src/MotorRM3508Drive.c **** 	{
  97:Core/Src/MotorRM3508Drive.c **** 
  98:Core/Src/MotorRM3508Drive.c **** 		motor_rx_date.angle = (rx_date[0]<<8 | rx_date[1])/8191.0f;
  99:Core/Src/MotorRM3508Drive.c **** 		motor_rx_date.rpm = (rx_date[2]<<8 | rx_date[3]);
 100:Core/Src/MotorRM3508Drive.c **** 		motor_rx_date.current = (rx_date[4]<<8 | rx_date[5]);
 101:Core/Src/MotorRM3508Drive.c **** 		motor_rx_date.temperture = rx_date[6];
 102:Core/Src/MotorRM3508Drive.c **** 		return motor_rx_date;
 103:Core/Src/MotorRM3508Drive.c **** 	}
 104:Core/Src/MotorRM3508Drive.c **** }	
 325              		.loc 1 104 1 view .LVU90
 326 0016 2046     		mov	r0, r4
 327 0018 02B0     		add	sp, sp, #8
 328              	.LCFI6:
 329              		.cfi_remember_state
 330              		.cfi_def_cfa_offset 8
 331              		@ sp needed
 332 001a 10BD     		pop	{r4, pc}
 333              	.LVL22:
 334              	.L18:
 335              	.LCFI7:
 336              		.cfi_restore_state
  98:Core/Src/MotorRM3508Drive.c **** 		motor_rx_date.rpm = (rx_date[2]<<8 | rx_date[3]);
 337              		.loc 1 98 3 is_stmt 1 view .LVU91
  98:Core/Src/MotorRM3508Drive.c **** 		motor_rx_date.rpm = (rx_date[2]<<8 | rx_date[3]);
 338              		.loc 1 98 33 is_stmt 0 view .LVU92
 339 001c 9DF80020 		ldrb	r2, [sp]	@ zero_extendqisi2
  98:Core/Src/MotorRM3508Drive.c **** 		motor_rx_date.rpm = (rx_date[2]<<8 | rx_date[3]);
 340              		.loc 1 98 49 view .LVU93
 341 0020 9DF80130 		ldrb	r3, [sp, #1]	@ zero_extendqisi2
  98:Core/Src/MotorRM3508Drive.c **** 		motor_rx_date.rpm = (rx_date[2]<<8 | rx_date[3]);
 342              		.loc 1 98 40 view .LVU94
 343 0024 43EA0223 		orr	r3, r3, r2, lsl #8
  98:Core/Src/MotorRM3508Drive.c **** 		motor_rx_date.rpm = (rx_date[2]<<8 | rx_date[3]);
 344              		.loc 1 98 53 view .LVU95
 345 0028 07EE903A 		vmov	s15, r3	@ int
 346 002c F8EEE77A 		vcvt.f32.s32	s15, s15
ARM GAS  /tmp/ccTv2vmq.s 			page 9


 347 0030 DFED116A 		vldr.32	s13, .L19+12
 348 0034 87EEA67A 		vdiv.f32	s14, s15, s13
  98:Core/Src/MotorRM3508Drive.c **** 		motor_rx_date.rpm = (rx_date[2]<<8 | rx_date[3]);
 349              		.loc 1 98 23 view .LVU96
 350 0038 104B     		ldr	r3, .L19+16
 351 003a 83ED007A 		vstr.32	s14, [r3]
  99:Core/Src/MotorRM3508Drive.c **** 		motor_rx_date.current = (rx_date[4]<<8 | rx_date[5]);
 352              		.loc 1 99 3 is_stmt 1 view .LVU97
  99:Core/Src/MotorRM3508Drive.c **** 		motor_rx_date.current = (rx_date[4]<<8 | rx_date[5]);
 353              		.loc 1 99 31 is_stmt 0 view .LVU98
 354 003e 9DF80210 		ldrb	r1, [sp, #2]	@ zero_extendqisi2
  99:Core/Src/MotorRM3508Drive.c **** 		motor_rx_date.current = (rx_date[4]<<8 | rx_date[5]);
 355              		.loc 1 99 47 view .LVU99
 356 0042 9DF80320 		ldrb	r2, [sp, #3]	@ zero_extendqisi2
  99:Core/Src/MotorRM3508Drive.c **** 		motor_rx_date.current = (rx_date[4]<<8 | rx_date[5]);
 357              		.loc 1 99 38 view .LVU100
 358 0046 42EA0122 		orr	r2, r2, r1, lsl #8
  99:Core/Src/MotorRM3508Drive.c **** 		motor_rx_date.current = (rx_date[4]<<8 | rx_date[5]);
 359              		.loc 1 99 21 view .LVU101
 360 004a 9A80     		strh	r2, [r3, #4]	@ movhi
 100:Core/Src/MotorRM3508Drive.c **** 		motor_rx_date.temperture = rx_date[6];
 361              		.loc 1 100 3 is_stmt 1 view .LVU102
 100:Core/Src/MotorRM3508Drive.c **** 		motor_rx_date.temperture = rx_date[6];
 362              		.loc 1 100 35 is_stmt 0 view .LVU103
 363 004c 9DF80410 		ldrb	r1, [sp, #4]	@ zero_extendqisi2
 100:Core/Src/MotorRM3508Drive.c **** 		motor_rx_date.temperture = rx_date[6];
 364              		.loc 1 100 51 view .LVU104
 365 0050 9DF80520 		ldrb	r2, [sp, #5]	@ zero_extendqisi2
 100:Core/Src/MotorRM3508Drive.c **** 		motor_rx_date.temperture = rx_date[6];
 366              		.loc 1 100 42 view .LVU105
 367 0054 42EA0122 		orr	r2, r2, r1, lsl #8
 100:Core/Src/MotorRM3508Drive.c **** 		motor_rx_date.temperture = rx_date[6];
 368              		.loc 1 100 25 view .LVU106
 369 0058 DA80     		strh	r2, [r3, #6]	@ movhi
 101:Core/Src/MotorRM3508Drive.c **** 		return motor_rx_date;
 370              		.loc 1 101 3 is_stmt 1 view .LVU107
 101:Core/Src/MotorRM3508Drive.c **** 		return motor_rx_date;
 371              		.loc 1 101 37 is_stmt 0 view .LVU108
 372 005a 9DF80620 		ldrb	r2, [sp, #6]	@ zero_extendqisi2
 101:Core/Src/MotorRM3508Drive.c **** 		return motor_rx_date;
 373              		.loc 1 101 28 view .LVU109
 374 005e 1A72     		strb	r2, [r3, #8]
 102:Core/Src/MotorRM3508Drive.c **** 	}
 375              		.loc 1 102 3 is_stmt 1 view .LVU110
 102:Core/Src/MotorRM3508Drive.c **** 	}
 376              		.loc 1 102 10 is_stmt 0 view .LVU111
 377 0060 93E80700 		ldm	r3, {r0, r1, r2}
 378 0064 84E80700 		stm	r4, {r0, r1, r2}
 379 0068 D5E7     		b	.L15
 380              	.L20:
 381 006a 00BF     		.align	2
 382              	.L19:
 383 006c 00000000 		.word	rx_header_motor
 384 0070 00000000 		.word	Rxfifo
 385 0074 00000000 		.word	hcan
 386 0078 00F8FF45 		.word	1174403072
 387 007c 00000000 		.word	motor_rx_date
ARM GAS  /tmp/ccTv2vmq.s 			page 10


 388              		.cfi_endproc
 389              	.LFE136:
 391              		.section	.text.motor_rm3508_MSgPendingCallback,"ax",%progbits
 392              		.align	1
 393              		.weak	motor_rm3508_MSgPendingCallback
 394              		.syntax unified
 395              		.thumb
 396              		.thumb_func
 398              	motor_rm3508_MSgPendingCallback:
 399              	.LVL23:
 400              	.LFB139:
 105:Core/Src/MotorRM3508Drive.c **** 
 106:Core/Src/MotorRM3508Drive.c **** CAN_Rx_FifoMsg_PendingCallback(0)
 107:Core/Src/MotorRM3508Drive.c **** {
 108:Core/Src/MotorRM3508Drive.c **** 	if(fifo_number==1)
 109:Core/Src/MotorRM3508Drive.c **** 		return;
 110:Core/Src/MotorRM3508Drive.c **** 	struct rx_date_motor_rm3508_struct motor_rx_date_it;
 111:Core/Src/MotorRM3508Drive.c **** 	motor_rx_date_it = motor_rm3508_rx_massage();
 112:Core/Src/MotorRM3508Drive.c **** 	motor_rm3508_MSgPendingCallback(motor_rx_date_it,hcan);
 113:Core/Src/MotorRM3508Drive.c **** }
 114:Core/Src/MotorRM3508Drive.c **** 
 115:Core/Src/MotorRM3508Drive.c **** CAN_Rx_FifoMsg_PendingCallback(1)
 116:Core/Src/MotorRM3508Drive.c **** {
 117:Core/Src/MotorRM3508Drive.c **** 	if(fifo_number==0)
 118:Core/Src/MotorRM3508Drive.c **** 		return;
 119:Core/Src/MotorRM3508Drive.c **** 	struct rx_date_motor_rm3508_struct motor_rx_date_it;
 120:Core/Src/MotorRM3508Drive.c **** 	motor_rx_date_it = motor_rm3508_rx_massage();
 121:Core/Src/MotorRM3508Drive.c **** 	motor_rm3508_MSgPendingCallback(motor_rx_date_it,hcan);
 122:Core/Src/MotorRM3508Drive.c **** }
 123:Core/Src/MotorRM3508Drive.c **** 
 124:Core/Src/MotorRM3508Drive.c **** void __attribute__((weak)) motor_rm3508_MSgPendingCallback(struct rx_date_motor_rm3508_struct rx_da
 125:Core/Src/MotorRM3508Drive.c **** {
 401              		.loc 1 125 1 is_stmt 1 view -0
 402              		.cfi_startproc
 403              		@ args = 0, pretend = 0, frame = 16
 404              		@ frame_needed = 0, uses_anonymous_args = 0
 405              		@ link register save eliminated.
 406              		.loc 1 125 1 is_stmt 0 view .LVU113
 407 0000 84B0     		sub	sp, sp, #16
 408              	.LCFI8:
 409              		.cfi_def_cfa_offset 16
 410 0002 04AB     		add	r3, sp, #16
 411              	.LVL24:
 412              		.loc 1 125 1 view .LVU114
 413 0004 03E90700 		stmdb	r3, {r0, r1, r2}
 126:Core/Src/MotorRM3508Drive.c **** }
 414              		.loc 1 126 1 is_stmt 1 view .LVU115
 415 0008 04B0     		add	sp, sp, #16
 416              	.LCFI9:
 417              		.cfi_def_cfa_offset 0
 418              		@ sp needed
 419 000a 7047     		bx	lr
 420              		.cfi_endproc
 421              	.LFE139:
 423              		.section	.text.CAN_Rx_Fifo0_Msg_PendingCallback,"ax",%progbits
 424              		.align	1
 425              		.global	CAN_Rx_Fifo0_Msg_PendingCallback
ARM GAS  /tmp/ccTv2vmq.s 			page 11


 426              		.syntax unified
 427              		.thumb
 428              		.thumb_func
 430              	CAN_Rx_Fifo0_Msg_PendingCallback:
 431              	.LVL25:
 432              	.LFB137:
 107:Core/Src/MotorRM3508Drive.c **** 	if(fifo_number==1)
 433              		.loc 1 107 1 view -0
 434              		.cfi_startproc
 435              		@ args = 0, pretend = 0, frame = 16
 436              		@ frame_needed = 0, uses_anonymous_args = 0
 108:Core/Src/MotorRM3508Drive.c **** 		return;
 437              		.loc 1 108 2 view .LVU117
 108:Core/Src/MotorRM3508Drive.c **** 		return;
 438              		.loc 1 108 16 is_stmt 0 view .LVU118
 439 0000 094B     		ldr	r3, .L30
 440 0002 1B78     		ldrb	r3, [r3]	@ zero_extendqisi2
 108:Core/Src/MotorRM3508Drive.c **** 		return;
 441              		.loc 1 108 4 view .LVU119
 442 0004 012B     		cmp	r3, #1
 443 0006 0DD0     		beq	.L27
 107:Core/Src/MotorRM3508Drive.c **** 	if(fifo_number==1)
 444              		.loc 1 107 1 view .LVU120
 445 0008 30B5     		push	{r4, r5, lr}
 446              	.LCFI10:
 447              		.cfi_def_cfa_offset 12
 448              		.cfi_offset 4, -12
 449              		.cfi_offset 5, -8
 450              		.cfi_offset 14, -4
 451 000a 85B0     		sub	sp, sp, #20
 452              	.LCFI11:
 453              		.cfi_def_cfa_offset 32
 454 000c 0446     		mov	r4, r0
 110:Core/Src/MotorRM3508Drive.c **** 	motor_rx_date_it = motor_rm3508_rx_massage();
 455              		.loc 1 110 2 is_stmt 1 view .LVU121
 111:Core/Src/MotorRM3508Drive.c **** 	motor_rm3508_MSgPendingCallback(motor_rx_date_it,hcan);
 456              		.loc 1 111 2 view .LVU122
 111:Core/Src/MotorRM3508Drive.c **** 	motor_rm3508_MSgPendingCallback(motor_rx_date_it,hcan);
 457              		.loc 1 111 21 is_stmt 0 view .LVU123
 458 000e 01AD     		add	r5, sp, #4
 459 0010 2846     		mov	r0, r5
 460              	.LVL26:
 111:Core/Src/MotorRM3508Drive.c **** 	motor_rm3508_MSgPendingCallback(motor_rx_date_it,hcan);
 461              		.loc 1 111 21 view .LVU124
 462 0012 FFF7FEFF 		bl	motor_rm3508_rx_massage
 463              	.LVL27:
 112:Core/Src/MotorRM3508Drive.c **** }
 464              		.loc 1 112 2 is_stmt 1 view .LVU125
 465 0016 2346     		mov	r3, r4
 466 0018 95E80700 		ldm	r5, {r0, r1, r2}
 467 001c FFF7FEFF 		bl	motor_rm3508_MSgPendingCallback
 468              	.LVL28:
 113:Core/Src/MotorRM3508Drive.c **** 
 469              		.loc 1 113 1 is_stmt 0 view .LVU126
 470 0020 05B0     		add	sp, sp, #20
 471              	.LCFI12:
 472              		.cfi_def_cfa_offset 12
ARM GAS  /tmp/ccTv2vmq.s 			page 12


 473              		@ sp needed
 474 0022 30BD     		pop	{r4, r5, pc}
 475              	.LVL29:
 476              	.L27:
 477              	.LCFI13:
 478              		.cfi_def_cfa_offset 0
 479              		.cfi_restore 4
 480              		.cfi_restore 5
 481              		.cfi_restore 14
 113:Core/Src/MotorRM3508Drive.c **** 
 482              		.loc 1 113 1 view .LVU127
 483 0024 7047     		bx	lr
 484              	.L31:
 485 0026 00BF     		.align	2
 486              	.L30:
 487 0028 00000000 		.word	fifo_number
 488              		.cfi_endproc
 489              	.LFE137:
 491              		.section	.text.CAN_Rx_Fifo1_Msg_PendingCallback,"ax",%progbits
 492              		.align	1
 493              		.global	CAN_Rx_Fifo1_Msg_PendingCallback
 494              		.syntax unified
 495              		.thumb
 496              		.thumb_func
 498              	CAN_Rx_Fifo1_Msg_PendingCallback:
 499              	.LVL30:
 500              	.LFB138:
 116:Core/Src/MotorRM3508Drive.c **** 	if(fifo_number==0)
 501              		.loc 1 116 1 is_stmt 1 view -0
 502              		.cfi_startproc
 503              		@ args = 0, pretend = 0, frame = 16
 504              		@ frame_needed = 0, uses_anonymous_args = 0
 117:Core/Src/MotorRM3508Drive.c **** 		return;
 505              		.loc 1 117 2 view .LVU129
 117:Core/Src/MotorRM3508Drive.c **** 		return;
 506              		.loc 1 117 16 is_stmt 0 view .LVU130
 507 0000 084B     		ldr	r3, .L40
 508 0002 1B78     		ldrb	r3, [r3]	@ zero_extendqisi2
 117:Core/Src/MotorRM3508Drive.c **** 		return;
 509              		.loc 1 117 4 view .LVU131
 510 0004 03B9     		cbnz	r3, .L39
 511 0006 7047     		bx	lr
 512              	.L39:
 116:Core/Src/MotorRM3508Drive.c **** 	if(fifo_number==0)
 513              		.loc 1 116 1 view .LVU132
 514 0008 30B5     		push	{r4, r5, lr}
 515              	.LCFI14:
 516              		.cfi_def_cfa_offset 12
 517              		.cfi_offset 4, -12
 518              		.cfi_offset 5, -8
 519              		.cfi_offset 14, -4
 520 000a 85B0     		sub	sp, sp, #20
 521              	.LCFI15:
 522              		.cfi_def_cfa_offset 32
 523 000c 0446     		mov	r4, r0
 119:Core/Src/MotorRM3508Drive.c **** 	motor_rx_date_it = motor_rm3508_rx_massage();
 524              		.loc 1 119 2 is_stmt 1 view .LVU133
ARM GAS  /tmp/ccTv2vmq.s 			page 13


 120:Core/Src/MotorRM3508Drive.c **** 	motor_rm3508_MSgPendingCallback(motor_rx_date_it,hcan);
 525              		.loc 1 120 2 view .LVU134
 120:Core/Src/MotorRM3508Drive.c **** 	motor_rm3508_MSgPendingCallback(motor_rx_date_it,hcan);
 526              		.loc 1 120 21 is_stmt 0 view .LVU135
 527 000e 01AD     		add	r5, sp, #4
 528 0010 2846     		mov	r0, r5
 529              	.LVL31:
 120:Core/Src/MotorRM3508Drive.c **** 	motor_rm3508_MSgPendingCallback(motor_rx_date_it,hcan);
 530              		.loc 1 120 21 view .LVU136
 531 0012 FFF7FEFF 		bl	motor_rm3508_rx_massage
 532              	.LVL32:
 121:Core/Src/MotorRM3508Drive.c **** }
 533              		.loc 1 121 2 is_stmt 1 view .LVU137
 534 0016 2346     		mov	r3, r4
 535 0018 95E80700 		ldm	r5, {r0, r1, r2}
 536 001c FFF7FEFF 		bl	motor_rm3508_MSgPendingCallback
 537              	.LVL33:
 122:Core/Src/MotorRM3508Drive.c **** 
 538              		.loc 1 122 1 is_stmt 0 view .LVU138
 539 0020 05B0     		add	sp, sp, #20
 540              	.LCFI16:
 541              		.cfi_def_cfa_offset 12
 542              		@ sp needed
 543 0022 30BD     		pop	{r4, r5, pc}
 544              	.LVL34:
 545              	.L41:
 122:Core/Src/MotorRM3508Drive.c **** 
 546              		.loc 1 122 1 view .LVU139
 547              		.align	2
 548              	.L40:
 549 0024 00000000 		.word	fifo_number
 550              		.cfi_endproc
 551              	.LFE138:
 553              		.global	motor_rx_date
 554              		.section	.bss.motor_rx_date,"aw",%nobits
 555              		.align	2
 558              	motor_rx_date:
 559 0000 00000000 		.space	12
 559      00000000 
 559      00000000 
 560              		.section	.bss.fifo_number,"aw",%nobits
 563              	fifo_number:
 564 0000 00       		.space	1
 565              		.section	.bss.Rxfifo,"aw",%nobits
 566              		.align	2
 569              	Rxfifo:
 570 0000 00000000 		.space	4
 571              		.section	.bss.hcan,"aw",%nobits
 572              		.align	2
 575              	hcan:
 576 0000 00000000 		.space	40
 576      00000000 
 576      00000000 
 576      00000000 
 576      00000000 
 577              		.section	.bss.sFilterConfig,"aw",%nobits
 578              		.align	2
ARM GAS  /tmp/ccTv2vmq.s 			page 14


 581              	sFilterConfig:
 582 0000 00000000 		.space	40
 582      00000000 
 582      00000000 
 582      00000000 
 582      00000000 
 583              		.section	.bss.rx_header_motor,"aw",%nobits
 584              		.align	2
 587              	rx_header_motor:
 588 0000 00000000 		.space	112
 588      00000000 
 588      00000000 
 588      00000000 
 588      00000000 
 589              		.section	.bss.tx_header_motor,"aw",%nobits
 590              		.align	2
 593              	tx_header_motor:
 594 0000 00000000 		.space	24
 594      00000000 
 594      00000000 
 594      00000000 
 594      00000000 
 595              		.text
 596              	.Letext0:
 597              		.file 2 "/usr/share/gcc-arm-none-eabi-14.2/arm-none-eabi/include/machine/_default_types.h"
 598              		.file 3 "/usr/share/gcc-arm-none-eabi-14.2/arm-none-eabi/include/sys/_stdint.h"
 599              		.file 4 "Drivers/CMSIS/Device/ST/STM32F4xx/Include/stm32f407xx.h"
 600              		.file 5 "Drivers/CMSIS/Device/ST/STM32F4xx/Include/stm32f4xx.h"
 601              		.file 6 "Drivers/STM32F4xx_HAL_Driver/Inc/stm32f4xx_hal_def.h"
 602              		.file 7 "Drivers/STM32F4xx_HAL_Driver/Inc/stm32f4xx_hal_can.h"
 603              		.file 8 "Core/Inc/MotorRM3508Drive.h"
ARM GAS  /tmp/ccTv2vmq.s 			page 15


DEFINED SYMBOLS
                            *ABS*:00000000 MotorRM3508Drive.c
     /tmp/ccTv2vmq.s:21     .text.motor_RM3508_Init:00000000 $t
     /tmp/ccTv2vmq.s:27     .text.motor_RM3508_Init:00000000 motor_RM3508_Init
     /tmp/ccTv2vmq.s:190    .text.motor_RM3508_Init:000000b4 $d
     /tmp/ccTv2vmq.s:563    .bss.fifo_number:00000000 fifo_number
     /tmp/ccTv2vmq.s:569    .bss.Rxfifo:00000000 Rxfifo
     /tmp/ccTv2vmq.s:575    .bss.hcan:00000000 hcan
     /tmp/ccTv2vmq.s:587    .bss.rx_header_motor:00000000 rx_header_motor
     /tmp/ccTv2vmq.s:593    .bss.tx_header_motor:00000000 tx_header_motor
     /tmp/ccTv2vmq.s:581    .bss.sFilterConfig:00000000 sFilterConfig
     /tmp/ccTv2vmq.s:200    .text.moter_rm3508_tx_massage:00000000 $t
     /tmp/ccTv2vmq.s:206    .text.moter_rm3508_tx_massage:00000000 moter_rm3508_tx_massage
     /tmp/ccTv2vmq.s:281    .text.moter_rm3508_tx_massage:00000048 $d
     /tmp/ccTv2vmq.s:287    .text.motor_rm3508_rx_massage:00000000 $t
     /tmp/ccTv2vmq.s:293    .text.motor_rm3508_rx_massage:00000000 motor_rm3508_rx_massage
     /tmp/ccTv2vmq.s:383    .text.motor_rm3508_rx_massage:0000006c $d
     /tmp/ccTv2vmq.s:558    .bss.motor_rx_date:00000000 motor_rx_date
     /tmp/ccTv2vmq.s:392    .text.motor_rm3508_MSgPendingCallback:00000000 $t
     /tmp/ccTv2vmq.s:398    .text.motor_rm3508_MSgPendingCallback:00000000 motor_rm3508_MSgPendingCallback
     /tmp/ccTv2vmq.s:424    .text.CAN_Rx_Fifo0_Msg_PendingCallback:00000000 $t
     /tmp/ccTv2vmq.s:430    .text.CAN_Rx_Fifo0_Msg_PendingCallback:00000000 CAN_Rx_Fifo0_Msg_PendingCallback
     /tmp/ccTv2vmq.s:487    .text.CAN_Rx_Fifo0_Msg_PendingCallback:00000028 $d
     /tmp/ccTv2vmq.s:492    .text.CAN_Rx_Fifo1_Msg_PendingCallback:00000000 $t
     /tmp/ccTv2vmq.s:498    .text.CAN_Rx_Fifo1_Msg_PendingCallback:00000000 CAN_Rx_Fifo1_Msg_PendingCallback
     /tmp/ccTv2vmq.s:549    .text.CAN_Rx_Fifo1_Msg_PendingCallback:00000024 $d
     /tmp/ccTv2vmq.s:555    .bss.motor_rx_date:00000000 $d
     /tmp/ccTv2vmq.s:564    .bss.fifo_number:00000000 $d
     /tmp/ccTv2vmq.s:566    .bss.Rxfifo:00000000 $d
     /tmp/ccTv2vmq.s:572    .bss.hcan:00000000 $d
     /tmp/ccTv2vmq.s:578    .bss.sFilterConfig:00000000 $d
     /tmp/ccTv2vmq.s:584    .bss.rx_header_motor:00000000 $d
     /tmp/ccTv2vmq.s:590    .bss.tx_header_motor:00000000 $d

UNDEFINED SYMBOLS
HAL_CAN_ActivateNotification
HAL_CAN_ConfigFilter
HAL_CAN_Start
HAL_CAN_AddTxMessage
HAL_CAN_GetRxMessage
